<?xml version="1.0" encoding="UTF-8"?>
<!-- Generated by org.testng.reporters.JUnitXMLReporter -->
<testsuite ignored="0" hostname="Mukeshs-MacBook-Air-2.local" failures="1" tests="1" name="Test" time="0.101" errors="0" timestamp="2023-01-21T09:46:42 IST">
  <testcase classname="jan21_testng.ParameterDemo" name="test1" time="0.0">
    <failure type="org.testng.TestNGException" message="
Parameter &amp;apos;Browser&amp;apos; is required by @Test on method test1 but has not been marked @Optional or defined
in /Users/mukeshotwani/eclipse-workspace_newBatch_Sep_INeuron_2022_sep/SeleniumWebDriver/testngParameter.xml">
      <![CDATA[org.testng.TestNGException: 
Parameter 'Browser' is required by @Test on method test1 but has not been marked @Optional or defined
in /Users/mukeshotwani/eclipse-workspace_newBatch_Sep_INeuron_2022_sep/SeleniumWebDriver/testngParameter.xml
at java.base/java.util.ArrayList.forEach(ArrayList.java:1511)
... Removed 26 stack frames]]>
    </failure>
  </testcase> <!-- test1 -->
</testsuite> <!-- Test -->
